The system is: Linux - 4.13.0-36-generic - x86_64
Compiling the C compiler identification source file "CMakeCCompilerId.c" succeeded.
Compiler: /usr/share/jevois-sdk/out/sun8iw5p1/linux/common/buildroot/host/usr/bin/arm-buildroot-linux-gnueabihf-gcc 
Build flags: 
Id flags:  

The output was:
0


Compilation of the C compiler identification source "CMakeCCompilerId.c" produced "a.out"

The C compiler identification is GNU, found in "/home/teja/repos/argosvision/pbuild/CMakeFiles/3.9.1/CompilerIdC/a.out"

Compiling the CXX compiler identification source file "CMakeCXXCompilerId.cpp" succeeded.
Compiler: /usr/share/jevois-sdk/out/sun8iw5p1/linux/common/buildroot/host/usr/bin/arm-buildroot-linux-gnueabihf-g++ 
Build flags: 
Id flags:  

The output was:
0


Compilation of the CXX compiler identification source "CMakeCXXCompilerId.cpp" produced "a.out"

The CXX compiler identification is GNU, found in "/home/teja/repos/argosvision/pbuild/CMakeFiles/3.9.1/CompilerIdCXX/a.out"

Determining if the C compiler works passed with the following output:
Change Dir: /home/teja/repos/argosvision/pbuild/CMakeFiles/CMakeTmp

Run Build Command:"/usr/bin/make" "cmTC_c0caa/fast"
/usr/bin/make -f CMakeFiles/cmTC_c0caa.dir/build.make CMakeFiles/cmTC_c0caa.dir/build
make[1]: Entering directory '/home/teja/repos/argosvision/pbuild/CMakeFiles/CMakeTmp'
Building C object CMakeFiles/cmTC_c0caa.dir/testCCompiler.c.o
/usr/share/jevois-sdk/out/sun8iw5p1/linux/common/buildroot/host/usr/bin/arm-buildroot-linux-gnueabihf-gcc    -o CMakeFiles/cmTC_c0caa.dir/testCCompiler.c.o   -c /home/teja/repos/argosvision/pbuild/CMakeFiles/CMakeTmp/testCCompiler.c
Linking C executable cmTC_c0caa
/usr/bin/cmake -E cmake_link_script CMakeFiles/cmTC_c0caa.dir/link.txt --verbose=1
/usr/share/jevois-sdk/out/sun8iw5p1/linux/common/buildroot/host/usr/bin/arm-buildroot-linux-gnueabihf-gcc      -rdynamic CMakeFiles/cmTC_c0caa.dir/testCCompiler.c.o  -o cmTC_c0caa 
make[1]: Leaving directory '/home/teja/repos/argosvision/pbuild/CMakeFiles/CMakeTmp'


Detecting C compiler ABI info compiled with the following output:
Change Dir: /home/teja/repos/argosvision/pbuild/CMakeFiles/CMakeTmp

Run Build Command:"/usr/bin/make" "cmTC_49f55/fast"
/usr/bin/make -f CMakeFiles/cmTC_49f55.dir/build.make CMakeFiles/cmTC_49f55.dir/build
make[1]: Entering directory '/home/teja/repos/argosvision/pbuild/CMakeFiles/CMakeTmp'
Building C object CMakeFiles/cmTC_49f55.dir/CMakeCCompilerABI.c.o
/usr/share/jevois-sdk/out/sun8iw5p1/linux/common/buildroot/host/usr/bin/arm-buildroot-linux-gnueabihf-gcc    -o CMakeFiles/cmTC_49f55.dir/CMakeCCompilerABI.c.o   -c /usr/share/cmake-3.9/Modules/CMakeCCompilerABI.c
Linking C executable cmTC_49f55
/usr/bin/cmake -E cmake_link_script CMakeFiles/cmTC_49f55.dir/link.txt --verbose=1
/usr/share/jevois-sdk/out/sun8iw5p1/linux/common/buildroot/host/usr/bin/arm-buildroot-linux-gnueabihf-gcc     -v -rdynamic CMakeFiles/cmTC_49f55.dir/CMakeCCompilerABI.c.o  -o cmTC_49f55 
Using built-in specs.
COLLECT_GCC=/usr/share/jevois-sdk/out/sun8iw5p1/linux/common/buildroot/host/bin/arm-buildroot-linux-gnueabihf-gcc.br_real
COLLECT_LTO_WRAPPER=/usr/share/jevois-sdk/out/sun8iw5p1/linux/common/buildroot/host/libexec/gcc/arm-buildroot-linux-gnueabihf/7.2.0/lto-wrapper
Target: arm-buildroot-linux-gnueabihf
Configured with: ./configure --prefix=/usr/share/jevois-sdk/out/sun8iw5p1/linux/common/buildroot/host --sysconfdir=/usr/share/jevois-sdk/out/sun8iw5p1/linux/common/buildroot/host/etc --enable-static --target=arm-buildroot-linux-gnueabihf --with-sysroot=/usr/share/jevois-sdk/out/sun8iw5p1/linux/common/buildroot/host/arm-buildroot-linux-gnueabihf/sysroot --disable-__cxa_atexit --with-gnu-ld --disable-libssp --disable-multilib --with-gmp=/usr/share/jevois-sdk/out/sun8iw5p1/linux/common/buildroot/host --with-mpc=/usr/share/jevois-sdk/out/sun8iw5p1/linux/common/buildroot/host --with-mpfr=/usr/share/jevois-sdk/out/sun8iw5p1/linux/common/buildroot/host --with-pkgversion='Buildroot 2017.08-g016ed8d36' --with-bugurl=http://bugs.buildroot.net/ --disable-libquadmath --enable-tls --enable-plugins --enable-lto --disable-libmudflap --enable-threads --with-isl=/usr/share/jevois-sdk/out/sun8iw5p1/linux/common/buildroot/host --disable-decimal-float --with-abi=aapcs-linux --with-cpu=cortex-a7 --with-fpu=neon-vfpv4 --with-float=hard --with-mode=arm --enable-languages=c,c++,fortran --with-build-time-tools=/usr/share/jevois-sdk/out/sun8iw5p1/linux/common/buildroot/host/arm-buildroot-linux-gnueabihf/bin --enable-shared --enable-libgomp
Thread model: posix
gcc version 7.2.0 (Buildroot 2017.08-g016ed8d36) 
COMPILER_PATH=/usr/share/jevois-sdk/out/sun8iw5p1/linux/common/buildroot/host/libexec/gcc/arm-buildroot-linux-gnueabihf/7.2.0/:/usr/share/jevois-sdk/out/sun8iw5p1/linux/common/buildroot/host/libexec/gcc/arm-buildroot-linux-gnueabihf/7.2.0/:/usr/share/jevois-sdk/out/sun8iw5p1/linux/common/buildroot/host/libexec/gcc/arm-buildroot-linux-gnueabihf/:/usr/share/jevois-sdk/out/sun8iw5p1/linux/common/buildroot/host/lib/gcc/arm-buildroot-linux-gnueabihf/7.2.0/:/usr/share/jevois-sdk/out/sun8iw5p1/linux/common/buildroot/host/lib/gcc/arm-buildroot-linux-gnueabihf/:/usr/share/jevois-sdk/out/sun8iw5p1/linux/common/buildroot/host/lib/gcc/arm-buildroot-linux-gnueabihf/7.2.0/../../../../arm-buildroot-linux-gnueabihf/bin/
LIBRARY_PATH=/usr/share/jevois-sdk/out/sun8iw5p1/linux/common/buildroot/host/lib/gcc/arm-buildroot-linux-gnueabihf/7.2.0/:/usr/share/jevois-sdk/out/sun8iw5p1/linux/common/buildroot/host/lib/gcc/arm-buildroot-linux-gnueabihf/7.2.0/../../../../arm-buildroot-linux-gnueabihf/lib/:/usr/share/jevois-sdk/out/sun8iw5p1/linux/common/buildroot/host/arm-buildroot-linux-gnueabihf/sysroot/lib/:/usr/share/jevois-sdk/out/sun8iw5p1/linux/common/buildroot/host/arm-buildroot-linux-gnueabihf/sysroot/usr/lib/
COLLECT_GCC_OPTIONS='-v' '-rdynamic' '-o' 'cmTC_49f55' '-mcpu=cortex-a7' '-mfloat-abi=hard' '-mfpu=neon-vfpv4' '-mabi=aapcs-linux' '-marm' '-mtls-dialect=gnu'
 /usr/share/jevois-sdk/out/sun8iw5p1/linux/common/buildroot/host/libexec/gcc/arm-buildroot-linux-gnueabihf/7.2.0/collect2 -plugin /usr/share/jevois-sdk/out/sun8iw5p1/linux/common/buildroot/host/libexec/gcc/arm-buildroot-linux-gnueabihf/7.2.0/liblto_plugin.so -plugin-opt=/usr/share/jevois-sdk/out/sun8iw5p1/linux/common/buildroot/host/libexec/gcc/arm-buildroot-linux-gnueabihf/7.2.0/lto-wrapper -plugin-opt=-fresolution=/tmp/ccSowRKq.res -plugin-opt=-pass-through=-lgcc -plugin-opt=-pass-through=-lgcc_s -plugin-opt=-pass-through=-lc -plugin-opt=-pass-through=-lgcc -plugin-opt=-pass-through=-lgcc_s --sysroot=/usr/share/jevois-sdk/out/sun8iw5p1/linux/common/buildroot/host/arm-buildroot-linux-gnueabihf/sysroot --eh-frame-hdr -export-dynamic -dynamic-linker /lib/ld-linux-armhf.so.3 -X -m armelf_linux_eabi -o cmTC_49f55 /usr/share/jevois-sdk/out/sun8iw5p1/linux/common/buildroot/host/arm-buildroot-linux-gnueabihf/sysroot/usr/lib/crt1.o /usr/share/jevois-sdk/out/sun8iw5p1/linux/common/buildroot/host/arm-buildroot-linux-gnueabihf/sysroot/usr/lib/crti.o /usr/share/jevois-sdk/out/sun8iw5p1/linux/common/buildroot/host/lib/gcc/arm-buildroot-linux-gnueabihf/7.2.0/crtbegin.o -L/usr/share/jevois-sdk/out/sun8iw5p1/linux/common/buildroot/host/lib/gcc/arm-buildroot-linux-gnueabihf/7.2.0 -L/usr/share/jevois-sdk/out/sun8iw5p1/linux/common/buildroot/host/lib/gcc/arm-buildroot-linux-gnueabihf/7.2.0/../../../../arm-buildroot-linux-gnueabihf/lib -L/usr/share/jevois-sdk/out/sun8iw5p1/linux/common/buildroot/host/arm-buildroot-linux-gnueabihf/sysroot/lib -L/usr/share/jevois-sdk/out/sun8iw5p1/linux/common/buildroot/host/arm-buildroot-linux-gnueabihf/sysroot/usr/lib CMakeFiles/cmTC_49f55.dir/CMakeCCompilerABI.c.o -lgcc --as-needed -lgcc_s --no-as-needed -lc -lgcc --as-needed -lgcc_s --no-as-needed /usr/share/jevois-sdk/out/sun8iw5p1/linux/common/buildroot/host/lib/gcc/arm-buildroot-linux-gnueabihf/7.2.0/crtend.o /usr/share/jevois-sdk/out/sun8iw5p1/linux/common/buildroot/host/arm-buildroot-linux-gnueabihf/sysroot/usr/lib/crtn.o
COLLECT_GCC_OPTIONS='-v' '-rdynamic' '-o' 'cmTC_49f55' '-mcpu=cortex-a7' '-mfloat-abi=hard' '-mfpu=neon-vfpv4' '-mabi=aapcs-linux' '-marm' '-mtls-dialect=gnu'
make[1]: Leaving directory '/home/teja/repos/argosvision/pbuild/CMakeFiles/CMakeTmp'


Parsed C implicit link information from above output:
  link line regex: [^( *|.*[/\])(ld|CMAKE_LINK_STARTFILE-NOTFOUND|([^/\]+-)?ld|collect2)[^/\]*( |$)]
  ignore line: [Change Dir: /home/teja/repos/argosvision/pbuild/CMakeFiles/CMakeTmp]
  ignore line: []
  ignore line: [Run Build Command:"/usr/bin/make" "cmTC_49f55/fast"]
  ignore line: [/usr/bin/make -f CMakeFiles/cmTC_49f55.dir/build.make CMakeFiles/cmTC_49f55.dir/build]
  ignore line: [make[1]: Entering directory '/home/teja/repos/argosvision/pbuild/CMakeFiles/CMakeTmp']
  ignore line: [Building C object CMakeFiles/cmTC_49f55.dir/CMakeCCompilerABI.c.o]
  ignore line: [/usr/share/jevois-sdk/out/sun8iw5p1/linux/common/buildroot/host/usr/bin/arm-buildroot-linux-gnueabihf-gcc    -o CMakeFiles/cmTC_49f55.dir/CMakeCCompilerABI.c.o   -c /usr/share/cmake-3.9/Modules/CMakeCCompilerABI.c]
  ignore line: [Linking C executable cmTC_49f55]
  ignore line: [/usr/bin/cmake -E cmake_link_script CMakeFiles/cmTC_49f55.dir/link.txt --verbose=1]
  ignore line: [/usr/share/jevois-sdk/out/sun8iw5p1/linux/common/buildroot/host/usr/bin/arm-buildroot-linux-gnueabihf-gcc     -v -rdynamic CMakeFiles/cmTC_49f55.dir/CMakeCCompilerABI.c.o  -o cmTC_49f55 ]
  ignore line: [Using built-in specs.]
  ignore line: [COLLECT_GCC=/usr/share/jevois-sdk/out/sun8iw5p1/linux/common/buildroot/host/bin/arm-buildroot-linux-gnueabihf-gcc.br_real]
  ignore line: [COLLECT_LTO_WRAPPER=/usr/share/jevois-sdk/out/sun8iw5p1/linux/common/buildroot/host/libexec/gcc/arm-buildroot-linux-gnueabihf/7.2.0/lto-wrapper]
  ignore line: [Target: arm-buildroot-linux-gnueabihf]
  ignore line: [Configured with: ./configure --prefix=/usr/share/jevois-sdk/out/sun8iw5p1/linux/common/buildroot/host --sysconfdir=/usr/share/jevois-sdk/out/sun8iw5p1/linux/common/buildroot/host/etc --enable-static --target=arm-buildroot-linux-gnueabihf --with-sysroot=/usr/share/jevois-sdk/out/sun8iw5p1/linux/common/buildroot/host/arm-buildroot-linux-gnueabihf/sysroot --disable-__cxa_atexit --with-gnu-ld --disable-libssp --disable-multilib --with-gmp=/usr/share/jevois-sdk/out/sun8iw5p1/linux/common/buildroot/host --with-mpc=/usr/share/jevois-sdk/out/sun8iw5p1/linux/common/buildroot/host --with-mpfr=/usr/share/jevois-sdk/out/sun8iw5p1/linux/common/buildroot/host --with-pkgversion='Buildroot 2017.08-g016ed8d36' --with-bugurl=http://bugs.buildroot.net/ --disable-libquadmath --enable-tls --enable-plugins --enable-lto --disable-libmudflap --enable-threads --with-isl=/usr/share/jevois-sdk/out/sun8iw5p1/linux/common/buildroot/host --disable-decimal-float --with-abi=aapcs-linux --with-cpu=cortex-a7 --with-fpu=neon-vfpv4 --with-float=hard --with-mode=arm --enable-languages=c,c++,fortran --with-build-time-tools=/usr/share/jevois-sdk/out/sun8iw5p1/linux/common/buildroot/host/arm-buildroot-linux-gnueabihf/bin --enable-shared --enable-libgomp]
  ignore line: [Thread model: posix]
  ignore line: [gcc version 7.2.0 (Buildroot 2017.08-g016ed8d36) ]
  ignore line: [COMPILER_PATH=/usr/share/jevois-sdk/out/sun8iw5p1/linux/common/buildroot/host/libexec/gcc/arm-buildroot-linux-gnueabihf/7.2.0/:/usr/share/jevois-sdk/out/sun8iw5p1/linux/common/buildroot/host/libexec/gcc/arm-buildroot-linux-gnueabihf/7.2.0/:/usr/share/jevois-sdk/out/sun8iw5p1/linux/common/buildroot/host/libexec/gcc/arm-buildroot-linux-gnueabihf/:/usr/share/jevois-sdk/out/sun8iw5p1/linux/common/buildroot/host/lib/gcc/arm-buildroot-linux-gnueabihf/7.2.0/:/usr/share/jevois-sdk/out/sun8iw5p1/linux/common/buildroot/host/lib/gcc/arm-buildroot-linux-gnueabihf/:/usr/share/jevois-sdk/out/sun8iw5p1/linux/common/buildroot/host/lib/gcc/arm-buildroot-linux-gnueabihf/7.2.0/../../../../arm-buildroot-linux-gnueabihf/bin/]
  ignore line: [LIBRARY_PATH=/usr/share/jevois-sdk/out/sun8iw5p1/linux/common/buildroot/host/lib/gcc/arm-buildroot-linux-gnueabihf/7.2.0/:/usr/share/jevois-sdk/out/sun8iw5p1/linux/common/buildroot/host/lib/gcc/arm-buildroot-linux-gnueabihf/7.2.0/../../../../arm-buildroot-linux-gnueabihf/lib/:/usr/share/jevois-sdk/out/sun8iw5p1/linux/common/buildroot/host/arm-buildroot-linux-gnueabihf/sysroot/lib/:/usr/share/jevois-sdk/out/sun8iw5p1/linux/common/buildroot/host/arm-buildroot-linux-gnueabihf/sysroot/usr/lib/]
  ignore line: [COLLECT_GCC_OPTIONS='-v' '-rdynamic' '-o' 'cmTC_49f55' '-mcpu=cortex-a7' '-mfloat-abi=hard' '-mfpu=neon-vfpv4' '-mabi=aapcs-linux' '-marm' '-mtls-dialect=gnu']
  link line: [ /usr/share/jevois-sdk/out/sun8iw5p1/linux/common/buildroot/host/libexec/gcc/arm-buildroot-linux-gnueabihf/7.2.0/collect2 -plugin /usr/share/jevois-sdk/out/sun8iw5p1/linux/common/buildroot/host/libexec/gcc/arm-buildroot-linux-gnueabihf/7.2.0/liblto_plugin.so -plugin-opt=/usr/share/jevois-sdk/out/sun8iw5p1/linux/common/buildroot/host/libexec/gcc/arm-buildroot-linux-gnueabihf/7.2.0/lto-wrapper -plugin-opt=-fresolution=/tmp/ccSowRKq.res -plugin-opt=-pass-through=-lgcc -plugin-opt=-pass-through=-lgcc_s -plugin-opt=-pass-through=-lc -plugin-opt=-pass-through=-lgcc -plugin-opt=-pass-through=-lgcc_s --sysroot=/usr/share/jevois-sdk/out/sun8iw5p1/linux/common/buildroot/host/arm-buildroot-linux-gnueabihf/sysroot --eh-frame-hdr -export-dynamic -dynamic-linker /lib/ld-linux-armhf.so.3 -X -m armelf_linux_eabi -o cmTC_49f55 /usr/share/jevois-sdk/out/sun8iw5p1/linux/common/buildroot/host/arm-buildroot-linux-gnueabihf/sysroot/usr/lib/crt1.o /usr/share/jevois-sdk/out/sun8iw5p1/linux/common/buildroot/host/arm-buildroot-linux-gnueabihf/sysroot/usr/lib/crti.o /usr/share/jevois-sdk/out/sun8iw5p1/linux/common/buildroot/host/lib/gcc/arm-buildroot-linux-gnueabihf/7.2.0/crtbegin.o -L/usr/share/jevois-sdk/out/sun8iw5p1/linux/common/buildroot/host/lib/gcc/arm-buildroot-linux-gnueabihf/7.2.0 -L/usr/share/jevois-sdk/out/sun8iw5p1/linux/common/buildroot/host/lib/gcc/arm-buildroot-linux-gnueabihf/7.2.0/../../../../arm-buildroot-linux-gnueabihf/lib -L/usr/share/jevois-sdk/out/sun8iw5p1/linux/common/buildroot/host/arm-buildroot-linux-gnueabihf/sysroot/lib -L/usr/share/jevois-sdk/out/sun8iw5p1/linux/common/buildroot/host/arm-buildroot-linux-gnueabihf/sysroot/usr/lib CMakeFiles/cmTC_49f55.dir/CMakeCCompilerABI.c.o -lgcc --as-needed -lgcc_s --no-as-needed -lc -lgcc --as-needed -lgcc_s --no-as-needed /usr/share/jevois-sdk/out/sun8iw5p1/linux/common/buildroot/host/lib/gcc/arm-buildroot-linux-gnueabihf/7.2.0/crtend.o /usr/share/jevois-sdk/out/sun8iw5p1/linux/common/buildroot/host/arm-buildroot-linux-gnueabihf/sysroot/usr/lib/crtn.o]
    arg [/usr/share/jevois-sdk/out/sun8iw5p1/linux/common/buildroot/host/libexec/gcc/arm-buildroot-linux-gnueabihf/7.2.0/collect2] ==> ignore
    arg [-plugin] ==> ignore
    arg [/usr/share/jevois-sdk/out/sun8iw5p1/linux/common/buildroot/host/libexec/gcc/arm-buildroot-linux-gnueabihf/7.2.0/liblto_plugin.so] ==> ignore
    arg [-plugin-opt=/usr/share/jevois-sdk/out/sun8iw5p1/linux/common/buildroot/host/libexec/gcc/arm-buildroot-linux-gnueabihf/7.2.0/lto-wrapper] ==> ignore
    arg [-plugin-opt=-fresolution=/tmp/ccSowRKq.res] ==> ignore
    arg [-plugin-opt=-pass-through=-lgcc] ==> ignore
    arg [-plugin-opt=-pass-through=-lgcc_s] ==> ignore
    arg [-plugin-opt=-pass-through=-lc] ==> ignore
    arg [-plugin-opt=-pass-through=-lgcc] ==> ignore
    arg [-plugin-opt=-pass-through=-lgcc_s] ==> ignore
    arg [--sysroot=/usr/share/jevois-sdk/out/sun8iw5p1/linux/common/buildroot/host/arm-buildroot-linux-gnueabihf/sysroot] ==> ignore
    arg [--eh-frame-hdr] ==> ignore
    arg [-export-dynamic] ==> ignore
    arg [-dynamic-linker] ==> ignore
    arg [/lib/ld-linux-armhf.so.3] ==> ignore
    arg [-X] ==> ignore
    arg [-m] ==> ignore
    arg [armelf_linux_eabi] ==> ignore
    arg [-o] ==> ignore
    arg [cmTC_49f55] ==> ignore
    arg [/usr/share/jevois-sdk/out/sun8iw5p1/linux/common/buildroot/host/arm-buildroot-linux-gnueabihf/sysroot/usr/lib/crt1.o] ==> ignore
    arg [/usr/share/jevois-sdk/out/sun8iw5p1/linux/common/buildroot/host/arm-buildroot-linux-gnueabihf/sysroot/usr/lib/crti.o] ==> ignore
    arg [/usr/share/jevois-sdk/out/sun8iw5p1/linux/common/buildroot/host/lib/gcc/arm-buildroot-linux-gnueabihf/7.2.0/crtbegin.o] ==> ignore
    arg [-L/usr/share/jevois-sdk/out/sun8iw5p1/linux/common/buildroot/host/lib/gcc/arm-buildroot-linux-gnueabihf/7.2.0] ==> dir [/usr/share/jevois-sdk/out/sun8iw5p1/linux/common/buildroot/host/lib/gcc/arm-buildroot-linux-gnueabihf/7.2.0]
    arg [-L/usr/share/jevois-sdk/out/sun8iw5p1/linux/common/buildroot/host/lib/gcc/arm-buildroot-linux-gnueabihf/7.2.0/../../../../arm-buildroot-linux-gnueabihf/lib] ==> dir [/usr/share/jevois-sdk/out/sun8iw5p1/linux/common/buildroot/host/lib/gcc/arm-buildroot-linux-gnueabihf/7.2.0/../../../../arm-buildroot-linux-gnueabihf/lib]
    arg [-L/usr/share/jevois-sdk/out/sun8iw5p1/linux/common/buildroot/host/arm-buildroot-linux-gnueabihf/sysroot/lib] ==> dir [/usr/share/jevois-sdk/out/sun8iw5p1/linux/common/buildroot/host/arm-buildroot-linux-gnueabihf/sysroot/lib]
    arg [-L/usr/share/jevois-sdk/out/sun8iw5p1/linux/common/buildroot/host/arm-buildroot-linux-gnueabihf/sysroot/usr/lib] ==> dir [/usr/share/jevois-sdk/out/sun8iw5p1/linux/common/buildroot/host/arm-buildroot-linux-gnueabihf/sysroot/usr/lib]
    arg [CMakeFiles/cmTC_49f55.dir/CMakeCCompilerABI.c.o] ==> ignore
    arg [-lgcc] ==> lib [gcc]
    arg [--as-needed] ==> ignore
    arg [-lgcc_s] ==> lib [gcc_s]
    arg [--no-as-needed] ==> ignore
    arg [-lc] ==> lib [c]
    arg [-lgcc] ==> lib [gcc]
    arg [--as-needed] ==> ignore
    arg [-lgcc_s] ==> lib [gcc_s]
    arg [--no-as-needed] ==> ignore
    arg [/usr/share/jevois-sdk/out/sun8iw5p1/linux/common/buildroot/host/lib/gcc/arm-buildroot-linux-gnueabihf/7.2.0/crtend.o] ==> ignore
    arg [/usr/share/jevois-sdk/out/sun8iw5p1/linux/common/buildroot/host/arm-buildroot-linux-gnueabihf/sysroot/usr/lib/crtn.o] ==> ignore
  collapse library dir [/usr/share/jevois-sdk/out/sun8iw5p1/linux/common/buildroot/host/lib/gcc/arm-buildroot-linux-gnueabihf/7.2.0] ==> [/usr/share/jevois-sdk/out/sun8iw5p1/linux/common/buildroot/host/lib/gcc/arm-buildroot-linux-gnueabihf/7.2.0]
  collapse library dir [/usr/share/jevois-sdk/out/sun8iw5p1/linux/common/buildroot/host/lib/gcc/arm-buildroot-linux-gnueabihf/7.2.0/../../../../arm-buildroot-linux-gnueabihf/lib] ==> [/usr/share/jevois-sdk/out/sun8iw5p1/linux/common/buildroot/host/arm-buildroot-linux-gnueabihf/lib]
  collapse library dir [/usr/share/jevois-sdk/out/sun8iw5p1/linux/common/buildroot/host/arm-buildroot-linux-gnueabihf/sysroot/lib] ==> [/usr/share/jevois-sdk/out/sun8iw5p1/linux/common/buildroot/host/arm-buildroot-linux-gnueabihf/sysroot/lib]
  collapse library dir [/usr/share/jevois-sdk/out/sun8iw5p1/linux/common/buildroot/host/arm-buildroot-linux-gnueabihf/sysroot/usr/lib] ==> [/usr/share/jevois-sdk/out/sun8iw5p1/linux/common/buildroot/host/arm-buildroot-linux-gnueabihf/sysroot/usr/lib]
  implicit libs: [gcc;gcc_s;c;gcc;gcc_s]
  implicit dirs: [/usr/share/jevois-sdk/out/sun8iw5p1/linux/common/buildroot/host/lib/gcc/arm-buildroot-linux-gnueabihf/7.2.0;/usr/share/jevois-sdk/out/sun8iw5p1/linux/common/buildroot/host/arm-buildroot-linux-gnueabihf/lib;/usr/share/jevois-sdk/out/sun8iw5p1/linux/common/buildroot/host/arm-buildroot-linux-gnueabihf/sysroot/lib;/usr/share/jevois-sdk/out/sun8iw5p1/linux/common/buildroot/host/arm-buildroot-linux-gnueabihf/sysroot/usr/lib]
  implicit fwks: []




Detecting C [-std=c11] compiler features compiled with the following output:
Change Dir: /home/teja/repos/argosvision/pbuild/CMakeFiles/CMakeTmp

Run Build Command:"/usr/bin/make" "cmTC_b59c2/fast"
/usr/bin/make -f CMakeFiles/cmTC_b59c2.dir/build.make CMakeFiles/cmTC_b59c2.dir/build
make[1]: Entering directory '/home/teja/repos/argosvision/pbuild/CMakeFiles/CMakeTmp'
Building C object CMakeFiles/cmTC_b59c2.dir/feature_tests.c.o
/usr/share/jevois-sdk/out/sun8iw5p1/linux/common/buildroot/host/usr/bin/arm-buildroot-linux-gnueabihf-gcc   -std=c11 -o CMakeFiles/cmTC_b59c2.dir/feature_tests.c.o   -c /home/teja/repos/argosvision/pbuild/CMakeFiles/feature_tests.c
Linking C executable cmTC_b59c2
/usr/bin/cmake -E cmake_link_script CMakeFiles/cmTC_b59c2.dir/link.txt --verbose=1
/usr/share/jevois-sdk/out/sun8iw5p1/linux/common/buildroot/host/usr/bin/arm-buildroot-linux-gnueabihf-gcc      -rdynamic CMakeFiles/cmTC_b59c2.dir/feature_tests.c.o  -o cmTC_b59c2 
make[1]: Leaving directory '/home/teja/repos/argosvision/pbuild/CMakeFiles/CMakeTmp'


    Feature record: C_FEATURE:1c_function_prototypes
    Feature record: C_FEATURE:1c_restrict
    Feature record: C_FEATURE:1c_static_assert
    Feature record: C_FEATURE:1c_variadic_macros


Detecting C [-std=c99] compiler features compiled with the following output:
Change Dir: /home/teja/repos/argosvision/pbuild/CMakeFiles/CMakeTmp

Run Build Command:"/usr/bin/make" "cmTC_53f93/fast"
/usr/bin/make -f CMakeFiles/cmTC_53f93.dir/build.make CMakeFiles/cmTC_53f93.dir/build
make[1]: Entering directory '/home/teja/repos/argosvision/pbuild/CMakeFiles/CMakeTmp'
Building C object CMakeFiles/cmTC_53f93.dir/feature_tests.c.o
/usr/share/jevois-sdk/out/sun8iw5p1/linux/common/buildroot/host/usr/bin/arm-buildroot-linux-gnueabihf-gcc   -std=c99 -o CMakeFiles/cmTC_53f93.dir/feature_tests.c.o   -c /home/teja/repos/argosvision/pbuild/CMakeFiles/feature_tests.c
Linking C executable cmTC_53f93
/usr/bin/cmake -E cmake_link_script CMakeFiles/cmTC_53f93.dir/link.txt --verbose=1
/usr/share/jevois-sdk/out/sun8iw5p1/linux/common/buildroot/host/usr/bin/arm-buildroot-linux-gnueabihf-gcc      -rdynamic CMakeFiles/cmTC_53f93.dir/feature_tests.c.o  -o cmTC_53f93 
make[1]: Leaving directory '/home/teja/repos/argosvision/pbuild/CMakeFiles/CMakeTmp'


    Feature record: C_FEATURE:1c_function_prototypes
    Feature record: C_FEATURE:1c_restrict
    Feature record: C_FEATURE:0c_static_assert
    Feature record: C_FEATURE:1c_variadic_macros


Detecting C [-std=c90] compiler features compiled with the following output:
Change Dir: /home/teja/repos/argosvision/pbuild/CMakeFiles/CMakeTmp

Run Build Command:"/usr/bin/make" "cmTC_6bf91/fast"
/usr/bin/make -f CMakeFiles/cmTC_6bf91.dir/build.make CMakeFiles/cmTC_6bf91.dir/build
make[1]: Entering directory '/home/teja/repos/argosvision/pbuild/CMakeFiles/CMakeTmp'
Building C object CMakeFiles/cmTC_6bf91.dir/feature_tests.c.o
/usr/share/jevois-sdk/out/sun8iw5p1/linux/common/buildroot/host/usr/bin/arm-buildroot-linux-gnueabihf-gcc   -std=c90 -o CMakeFiles/cmTC_6bf91.dir/feature_tests.c.o   -c /home/teja/repos/argosvision/pbuild/CMakeFiles/feature_tests.c
Linking C executable cmTC_6bf91
/usr/bin/cmake -E cmake_link_script CMakeFiles/cmTC_6bf91.dir/link.txt --verbose=1
/usr/share/jevois-sdk/out/sun8iw5p1/linux/common/buildroot/host/usr/bin/arm-buildroot-linux-gnueabihf-gcc      -rdynamic CMakeFiles/cmTC_6bf91.dir/feature_tests.c.o  -o cmTC_6bf91 
make[1]: Leaving directory '/home/teja/repos/argosvision/pbuild/CMakeFiles/CMakeTmp'


    Feature record: C_FEATURE:1c_function_prototypes
    Feature record: C_FEATURE:0c_restrict
    Feature record: C_FEATURE:0c_static_assert
    Feature record: C_FEATURE:0c_variadic_macros
Determining if the CXX compiler works passed with the following output:
Change Dir: /home/teja/repos/argosvision/pbuild/CMakeFiles/CMakeTmp

Run Build Command:"/usr/bin/make" "cmTC_73b31/fast"
/usr/bin/make -f CMakeFiles/cmTC_73b31.dir/build.make CMakeFiles/cmTC_73b31.dir/build
make[1]: Entering directory '/home/teja/repos/argosvision/pbuild/CMakeFiles/CMakeTmp'
Building CXX object CMakeFiles/cmTC_73b31.dir/testCXXCompiler.cxx.o
/usr/share/jevois-sdk/out/sun8iw5p1/linux/common/buildroot/host/usr/bin/arm-buildroot-linux-gnueabihf-g++     -o CMakeFiles/cmTC_73b31.dir/testCXXCompiler.cxx.o -c /home/teja/repos/argosvision/pbuild/CMakeFiles/CMakeTmp/testCXXCompiler.cxx
Linking CXX executable cmTC_73b31
/usr/bin/cmake -E cmake_link_script CMakeFiles/cmTC_73b31.dir/link.txt --verbose=1
/usr/share/jevois-sdk/out/sun8iw5p1/linux/common/buildroot/host/usr/bin/arm-buildroot-linux-gnueabihf-g++       -rdynamic CMakeFiles/cmTC_73b31.dir/testCXXCompiler.cxx.o  -o cmTC_73b31 
make[1]: Leaving directory '/home/teja/repos/argosvision/pbuild/CMakeFiles/CMakeTmp'


Detecting CXX compiler ABI info compiled with the following output:
Change Dir: /home/teja/repos/argosvision/pbuild/CMakeFiles/CMakeTmp

Run Build Command:"/usr/bin/make" "cmTC_f0bae/fast"
/usr/bin/make -f CMakeFiles/cmTC_f0bae.dir/build.make CMakeFiles/cmTC_f0bae.dir/build
make[1]: Entering directory '/home/teja/repos/argosvision/pbuild/CMakeFiles/CMakeTmp'
Building CXX object CMakeFiles/cmTC_f0bae.dir/CMakeCXXCompilerABI.cpp.o
/usr/share/jevois-sdk/out/sun8iw5p1/linux/common/buildroot/host/usr/bin/arm-buildroot-linux-gnueabihf-g++     -o CMakeFiles/cmTC_f0bae.dir/CMakeCXXCompilerABI.cpp.o -c /usr/share/cmake-3.9/Modules/CMakeCXXCompilerABI.cpp
Linking CXX executable cmTC_f0bae
/usr/bin/cmake -E cmake_link_script CMakeFiles/cmTC_f0bae.dir/link.txt --verbose=1
/usr/share/jevois-sdk/out/sun8iw5p1/linux/common/buildroot/host/usr/bin/arm-buildroot-linux-gnueabihf-g++      -v -rdynamic CMakeFiles/cmTC_f0bae.dir/CMakeCXXCompilerABI.cpp.o  -o cmTC_f0bae 
Using built-in specs.
COLLECT_GCC=/usr/share/jevois-sdk/out/sun8iw5p1/linux/common/buildroot/host/bin/arm-buildroot-linux-gnueabihf-g++.br_real
COLLECT_LTO_WRAPPER=/usr/share/jevois-sdk/out/sun8iw5p1/linux/common/buildroot/host/libexec/gcc/arm-buildroot-linux-gnueabihf/7.2.0/lto-wrapper
Target: arm-buildroot-linux-gnueabihf
Configured with: ./configure --prefix=/usr/share/jevois-sdk/out/sun8iw5p1/linux/common/buildroot/host --sysconfdir=/usr/share/jevois-sdk/out/sun8iw5p1/linux/common/buildroot/host/etc --enable-static --target=arm-buildroot-linux-gnueabihf --with-sysroot=/usr/share/jevois-sdk/out/sun8iw5p1/linux/common/buildroot/host/arm-buildroot-linux-gnueabihf/sysroot --disable-__cxa_atexit --with-gnu-ld --disable-libssp --disable-multilib --with-gmp=/usr/share/jevois-sdk/out/sun8iw5p1/linux/common/buildroot/host --with-mpc=/usr/share/jevois-sdk/out/sun8iw5p1/linux/common/buildroot/host --with-mpfr=/usr/share/jevois-sdk/out/sun8iw5p1/linux/common/buildroot/host --with-pkgversion='Buildroot 2017.08-g016ed8d36' --with-bugurl=http://bugs.buildroot.net/ --disable-libquadmath --enable-tls --enable-plugins --enable-lto --disable-libmudflap --enable-threads --with-isl=/usr/share/jevois-sdk/out/sun8iw5p1/linux/common/buildroot/host --disable-decimal-float --with-abi=aapcs-linux --with-cpu=cortex-a7 --with-fpu=neon-vfpv4 --with-float=hard --with-mode=arm --enable-languages=c,c++,fortran --with-build-time-tools=/usr/share/jevois-sdk/out/sun8iw5p1/linux/common/buildroot/host/arm-buildroot-linux-gnueabihf/bin --enable-shared --enable-libgomp
Thread model: posix
gcc version 7.2.0 (Buildroot 2017.08-g016ed8d36) 
COMPILER_PATH=/usr/share/jevois-sdk/out/sun8iw5p1/linux/common/buildroot/host/libexec/gcc/arm-buildroot-linux-gnueabihf/7.2.0/:/usr/share/jevois-sdk/out/sun8iw5p1/linux/common/buildroot/host/libexec/gcc/arm-buildroot-linux-gnueabihf/7.2.0/:/usr/share/jevois-sdk/out/sun8iw5p1/linux/common/buildroot/host/libexec/gcc/arm-buildroot-linux-gnueabihf/:/usr/share/jevois-sdk/out/sun8iw5p1/linux/common/buildroot/host/lib/gcc/arm-buildroot-linux-gnueabihf/7.2.0/:/usr/share/jevois-sdk/out/sun8iw5p1/linux/common/buildroot/host/lib/gcc/arm-buildroot-linux-gnueabihf/:/usr/share/jevois-sdk/out/sun8iw5p1/linux/common/buildroot/host/lib/gcc/arm-buildroot-linux-gnueabihf/7.2.0/../../../../arm-buildroot-linux-gnueabihf/bin/
LIBRARY_PATH=/usr/share/jevois-sdk/out/sun8iw5p1/linux/common/buildroot/host/lib/gcc/arm-buildroot-linux-gnueabihf/7.2.0/:/usr/share/jevois-sdk/out/sun8iw5p1/linux/common/buildroot/host/lib/gcc/arm-buildroot-linux-gnueabihf/7.2.0/../../../../arm-buildroot-linux-gnueabihf/lib/:/usr/share/jevois-sdk/out/sun8iw5p1/linux/common/buildroot/host/arm-buildroot-linux-gnueabihf/sysroot/lib/:/usr/share/jevois-sdk/out/sun8iw5p1/linux/common/buildroot/host/arm-buildroot-linux-gnueabihf/sysroot/usr/lib/
COLLECT_GCC_OPTIONS='-v' '-rdynamic' '-o' 'cmTC_f0bae' '-shared-libgcc' '-mcpu=cortex-a7' '-mfloat-abi=hard' '-mfpu=neon-vfpv4' '-mabi=aapcs-linux' '-marm' '-mtls-dialect=gnu'
 /usr/share/jevois-sdk/out/sun8iw5p1/linux/common/buildroot/host/libexec/gcc/arm-buildroot-linux-gnueabihf/7.2.0/collect2 -plugin /usr/share/jevois-sdk/out/sun8iw5p1/linux/common/buildroot/host/libexec/gcc/arm-buildroot-linux-gnueabihf/7.2.0/liblto_plugin.so -plugin-opt=/usr/share/jevois-sdk/out/sun8iw5p1/linux/common/buildroot/host/libexec/gcc/arm-buildroot-linux-gnueabihf/7.2.0/lto-wrapper -plugin-opt=-fresolution=/tmp/ccs9dnmX.res -plugin-opt=-pass-through=-lgcc_s -plugin-opt=-pass-through=-lgcc -plugin-opt=-pass-through=-lc -plugin-opt=-pass-through=-lgcc_s -plugin-opt=-pass-through=-lgcc --sysroot=/usr/share/jevois-sdk/out/sun8iw5p1/linux/common/buildroot/host/arm-buildroot-linux-gnueabihf/sysroot --eh-frame-hdr -export-dynamic -dynamic-linker /lib/ld-linux-armhf.so.3 -X -m armelf_linux_eabi -o cmTC_f0bae /usr/share/jevois-sdk/out/sun8iw5p1/linux/common/buildroot/host/arm-buildroot-linux-gnueabihf/sysroot/usr/lib/crt1.o /usr/share/jevois-sdk/out/sun8iw5p1/linux/common/buildroot/host/arm-buildroot-linux-gnueabihf/sysroot/usr/lib/crti.o /usr/share/jevois-sdk/out/sun8iw5p1/linux/common/buildroot/host/lib/gcc/arm-buildroot-linux-gnueabihf/7.2.0/crtbegin.o -L/usr/share/jevois-sdk/out/sun8iw5p1/linux/common/buildroot/host/lib/gcc/arm-buildroot-linux-gnueabihf/7.2.0 -L/usr/share/jevois-sdk/out/sun8iw5p1/linux/common/buildroot/host/lib/gcc/arm-buildroot-linux-gnueabihf/7.2.0/../../../../arm-buildroot-linux-gnueabihf/lib -L/usr/share/jevois-sdk/out/sun8iw5p1/linux/common/buildroot/host/arm-buildroot-linux-gnueabihf/sysroot/lib -L/usr/share/jevois-sdk/out/sun8iw5p1/linux/common/buildroot/host/arm-buildroot-linux-gnueabihf/sysroot/usr/lib CMakeFiles/cmTC_f0bae.dir/CMakeCXXCompilerABI.cpp.o -lstdc++ -lm -lgcc_s -lgcc -lc -lgcc_s -lgcc /usr/share/jevois-sdk/out/sun8iw5p1/linux/common/buildroot/host/lib/gcc/arm-buildroot-linux-gnueabihf/7.2.0/crtend.o /usr/share/jevois-sdk/out/sun8iw5p1/linux/common/buildroot/host/arm-buildroot-linux-gnueabihf/sysroot/usr/lib/crtn.o
COLLECT_GCC_OPTIONS='-v' '-rdynamic' '-o' 'cmTC_f0bae' '-shared-libgcc' '-mcpu=cortex-a7' '-mfloat-abi=hard' '-mfpu=neon-vfpv4' '-mabi=aapcs-linux' '-marm' '-mtls-dialect=gnu'
make[1]: Leaving directory '/home/teja/repos/argosvision/pbuild/CMakeFiles/CMakeTmp'


Parsed CXX implicit link information from above output:
  link line regex: [^( *|.*[/\])(ld|CMAKE_LINK_STARTFILE-NOTFOUND|([^/\]+-)?ld|collect2)[^/\]*( |$)]
  ignore line: [Change Dir: /home/teja/repos/argosvision/pbuild/CMakeFiles/CMakeTmp]
  ignore line: []
  ignore line: [Run Build Command:"/usr/bin/make" "cmTC_f0bae/fast"]
  ignore line: [/usr/bin/make -f CMakeFiles/cmTC_f0bae.dir/build.make CMakeFiles/cmTC_f0bae.dir/build]
  ignore line: [make[1]: Entering directory '/home/teja/repos/argosvision/pbuild/CMakeFiles/CMakeTmp']
  ignore line: [Building CXX object CMakeFiles/cmTC_f0bae.dir/CMakeCXXCompilerABI.cpp.o]
  ignore line: [/usr/share/jevois-sdk/out/sun8iw5p1/linux/common/buildroot/host/usr/bin/arm-buildroot-linux-gnueabihf-g++     -o CMakeFiles/cmTC_f0bae.dir/CMakeCXXCompilerABI.cpp.o -c /usr/share/cmake-3.9/Modules/CMakeCXXCompilerABI.cpp]
  ignore line: [Linking CXX executable cmTC_f0bae]
  ignore line: [/usr/bin/cmake -E cmake_link_script CMakeFiles/cmTC_f0bae.dir/link.txt --verbose=1]
  ignore line: [/usr/share/jevois-sdk/out/sun8iw5p1/linux/common/buildroot/host/usr/bin/arm-buildroot-linux-gnueabihf-g++      -v -rdynamic CMakeFiles/cmTC_f0bae.dir/CMakeCXXCompilerABI.cpp.o  -o cmTC_f0bae ]
  ignore line: [Using built-in specs.]
  ignore line: [COLLECT_GCC=/usr/share/jevois-sdk/out/sun8iw5p1/linux/common/buildroot/host/bin/arm-buildroot-linux-gnueabihf-g++.br_real]
  ignore line: [COLLECT_LTO_WRAPPER=/usr/share/jevois-sdk/out/sun8iw5p1/linux/common/buildroot/host/libexec/gcc/arm-buildroot-linux-gnueabihf/7.2.0/lto-wrapper]
  ignore line: [Target: arm-buildroot-linux-gnueabihf]
  ignore line: [Configured with: ./configure --prefix=/usr/share/jevois-sdk/out/sun8iw5p1/linux/common/buildroot/host --sysconfdir=/usr/share/jevois-sdk/out/sun8iw5p1/linux/common/buildroot/host/etc --enable-static --target=arm-buildroot-linux-gnueabihf --with-sysroot=/usr/share/jevois-sdk/out/sun8iw5p1/linux/common/buildroot/host/arm-buildroot-linux-gnueabihf/sysroot --disable-__cxa_atexit --with-gnu-ld --disable-libssp --disable-multilib --with-gmp=/usr/share/jevois-sdk/out/sun8iw5p1/linux/common/buildroot/host --with-mpc=/usr/share/jevois-sdk/out/sun8iw5p1/linux/common/buildroot/host --with-mpfr=/usr/share/jevois-sdk/out/sun8iw5p1/linux/common/buildroot/host --with-pkgversion='Buildroot 2017.08-g016ed8d36' --with-bugurl=http://bugs.buildroot.net/ --disable-libquadmath --enable-tls --enable-plugins --enable-lto --disable-libmudflap --enable-threads --with-isl=/usr/share/jevois-sdk/out/sun8iw5p1/linux/common/buildroot/host --disable-decimal-float --with-abi=aapcs-linux --with-cpu=cortex-a7 --with-fpu=neon-vfpv4 --with-float=hard --with-mode=arm --enable-languages=c,c++,fortran --with-build-time-tools=/usr/share/jevois-sdk/out/sun8iw5p1/linux/common/buildroot/host/arm-buildroot-linux-gnueabihf/bin --enable-shared --enable-libgomp]
  ignore line: [Thread model: posix]
  ignore line: [gcc version 7.2.0 (Buildroot 2017.08-g016ed8d36) ]
  ignore line: [COMPILER_PATH=/usr/share/jevois-sdk/out/sun8iw5p1/linux/common/buildroot/host/libexec/gcc/arm-buildroot-linux-gnueabihf/7.2.0/:/usr/share/jevois-sdk/out/sun8iw5p1/linux/common/buildroot/host/libexec/gcc/arm-buildroot-linux-gnueabihf/7.2.0/:/usr/share/jevois-sdk/out/sun8iw5p1/linux/common/buildroot/host/libexec/gcc/arm-buildroot-linux-gnueabihf/:/usr/share/jevois-sdk/out/sun8iw5p1/linux/common/buildroot/host/lib/gcc/arm-buildroot-linux-gnueabihf/7.2.0/:/usr/share/jevois-sdk/out/sun8iw5p1/linux/common/buildroot/host/lib/gcc/arm-buildroot-linux-gnueabihf/:/usr/share/jevois-sdk/out/sun8iw5p1/linux/common/buildroot/host/lib/gcc/arm-buildroot-linux-gnueabihf/7.2.0/../../../../arm-buildroot-linux-gnueabihf/bin/]
  ignore line: [LIBRARY_PATH=/usr/share/jevois-sdk/out/sun8iw5p1/linux/common/buildroot/host/lib/gcc/arm-buildroot-linux-gnueabihf/7.2.0/:/usr/share/jevois-sdk/out/sun8iw5p1/linux/common/buildroot/host/lib/gcc/arm-buildroot-linux-gnueabihf/7.2.0/../../../../arm-buildroot-linux-gnueabihf/lib/:/usr/share/jevois-sdk/out/sun8iw5p1/linux/common/buildroot/host/arm-buildroot-linux-gnueabihf/sysroot/lib/:/usr/share/jevois-sdk/out/sun8iw5p1/linux/common/buildroot/host/arm-buildroot-linux-gnueabihf/sysroot/usr/lib/]
  ignore line: [COLLECT_GCC_OPTIONS='-v' '-rdynamic' '-o' 'cmTC_f0bae' '-shared-libgcc' '-mcpu=cortex-a7' '-mfloat-abi=hard' '-mfpu=neon-vfpv4' '-mabi=aapcs-linux' '-marm' '-mtls-dialect=gnu']
  link line: [ /usr/share/jevois-sdk/out/sun8iw5p1/linux/common/buildroot/host/libexec/gcc/arm-buildroot-linux-gnueabihf/7.2.0/collect2 -plugin /usr/share/jevois-sdk/out/sun8iw5p1/linux/common/buildroot/host/libexec/gcc/arm-buildroot-linux-gnueabihf/7.2.0/liblto_plugin.so -plugin-opt=/usr/share/jevois-sdk/out/sun8iw5p1/linux/common/buildroot/host/libexec/gcc/arm-buildroot-linux-gnueabihf/7.2.0/lto-wrapper -plugin-opt=-fresolution=/tmp/ccs9dnmX.res -plugin-opt=-pass-through=-lgcc_s -plugin-opt=-pass-through=-lgcc -plugin-opt=-pass-through=-lc -plugin-opt=-pass-through=-lgcc_s -plugin-opt=-pass-through=-lgcc --sysroot=/usr/share/jevois-sdk/out/sun8iw5p1/linux/common/buildroot/host/arm-buildroot-linux-gnueabihf/sysroot --eh-frame-hdr -export-dynamic -dynamic-linker /lib/ld-linux-armhf.so.3 -X -m armelf_linux_eabi -o cmTC_f0bae /usr/share/jevois-sdk/out/sun8iw5p1/linux/common/buildroot/host/arm-buildroot-linux-gnueabihf/sysroot/usr/lib/crt1.o /usr/share/jevois-sdk/out/sun8iw5p1/linux/common/buildroot/host/arm-buildroot-linux-gnueabihf/sysroot/usr/lib/crti.o /usr/share/jevois-sdk/out/sun8iw5p1/linux/common/buildroot/host/lib/gcc/arm-buildroot-linux-gnueabihf/7.2.0/crtbegin.o -L/usr/share/jevois-sdk/out/sun8iw5p1/linux/common/buildroot/host/lib/gcc/arm-buildroot-linux-gnueabihf/7.2.0 -L/usr/share/jevois-sdk/out/sun8iw5p1/linux/common/buildroot/host/lib/gcc/arm-buildroot-linux-gnueabihf/7.2.0/../../../../arm-buildroot-linux-gnueabihf/lib -L/usr/share/jevois-sdk/out/sun8iw5p1/linux/common/buildroot/host/arm-buildroot-linux-gnueabihf/sysroot/lib -L/usr/share/jevois-sdk/out/sun8iw5p1/linux/common/buildroot/host/arm-buildroot-linux-gnueabihf/sysroot/usr/lib CMakeFiles/cmTC_f0bae.dir/CMakeCXXCompilerABI.cpp.o -lstdc++ -lm -lgcc_s -lgcc -lc -lgcc_s -lgcc /usr/share/jevois-sdk/out/sun8iw5p1/linux/common/buildroot/host/lib/gcc/arm-buildroot-linux-gnueabihf/7.2.0/crtend.o /usr/share/jevois-sdk/out/sun8iw5p1/linux/common/buildroot/host/arm-buildroot-linux-gnueabihf/sysroot/usr/lib/crtn.o]
    arg [/usr/share/jevois-sdk/out/sun8iw5p1/linux/common/buildroot/host/libexec/gcc/arm-buildroot-linux-gnueabihf/7.2.0/collect2] ==> ignore
    arg [-plugin] ==> ignore
    arg [/usr/share/jevois-sdk/out/sun8iw5p1/linux/common/buildroot/host/libexec/gcc/arm-buildroot-linux-gnueabihf/7.2.0/liblto_plugin.so] ==> ignore
    arg [-plugin-opt=/usr/share/jevois-sdk/out/sun8iw5p1/linux/common/buildroot/host/libexec/gcc/arm-buildroot-linux-gnueabihf/7.2.0/lto-wrapper] ==> ignore
    arg [-plugin-opt=-fresolution=/tmp/ccs9dnmX.res] ==> ignore
    arg [-plugin-opt=-pass-through=-lgcc_s] ==> ignore
    arg [-plugin-opt=-pass-through=-lgcc] ==> ignore
    arg [-plugin-opt=-pass-through=-lc] ==> ignore
    arg [-plugin-opt=-pass-through=-lgcc_s] ==> ignore
    arg [-plugin-opt=-pass-through=-lgcc] ==> ignore
    arg [--sysroot=/usr/share/jevois-sdk/out/sun8iw5p1/linux/common/buildroot/host/arm-buildroot-linux-gnueabihf/sysroot] ==> ignore
    arg [--eh-frame-hdr] ==> ignore
    arg [-export-dynamic] ==> ignore
    arg [-dynamic-linker] ==> ignore
    arg [/lib/ld-linux-armhf.so.3] ==> ignore
    arg [-X] ==> ignore
    arg [-m] ==> ignore
    arg [armelf_linux_eabi] ==> ignore
    arg [-o] ==> ignore
    arg [cmTC_f0bae] ==> ignore
    arg [/usr/share/jevois-sdk/out/sun8iw5p1/linux/common/buildroot/host/arm-buildroot-linux-gnueabihf/sysroot/usr/lib/crt1.o] ==> ignore
    arg [/usr/share/jevois-sdk/out/sun8iw5p1/linux/common/buildroot/host/arm-buildroot-linux-gnueabihf/sysroot/usr/lib/crti.o] ==> ignore
    arg [/usr/share/jevois-sdk/out/sun8iw5p1/linux/common/buildroot/host/lib/gcc/arm-buildroot-linux-gnueabihf/7.2.0/crtbegin.o] ==> ignore
    arg [-L/usr/share/jevois-sdk/out/sun8iw5p1/linux/common/buildroot/host/lib/gcc/arm-buildroot-linux-gnueabihf/7.2.0] ==> dir [/usr/share/jevois-sdk/out/sun8iw5p1/linux/common/buildroot/host/lib/gcc/arm-buildroot-linux-gnueabihf/7.2.0]
    arg [-L/usr/share/jevois-sdk/out/sun8iw5p1/linux/common/buildroot/host/lib/gcc/arm-buildroot-linux-gnueabihf/7.2.0/../../../../arm-buildroot-linux-gnueabihf/lib] ==> dir [/usr/share/jevois-sdk/out/sun8iw5p1/linux/common/buildroot/host/lib/gcc/arm-buildroot-linux-gnueabihf/7.2.0/../../../../arm-buildroot-linux-gnueabihf/lib]
    arg [-L/usr/share/jevois-sdk/out/sun8iw5p1/linux/common/buildroot/host/arm-buildroot-linux-gnueabihf/sysroot/lib] ==> dir [/usr/share/jevois-sdk/out/sun8iw5p1/linux/common/buildroot/host/arm-buildroot-linux-gnueabihf/sysroot/lib]
    arg [-L/usr/share/jevois-sdk/out/sun8iw5p1/linux/common/buildroot/host/arm-buildroot-linux-gnueabihf/sysroot/usr/lib] ==> dir [/usr/share/jevois-sdk/out/sun8iw5p1/linux/common/buildroot/host/arm-buildroot-linux-gnueabihf/sysroot/usr/lib]
    arg [CMakeFiles/cmTC_f0bae.dir/CMakeCXXCompilerABI.cpp.o] ==> ignore
    arg [-lstdc++] ==> lib [stdc++]
    arg [-lm] ==> lib [m]
    arg [-lgcc_s] ==> lib [gcc_s]
    arg [-lgcc] ==> lib [gcc]
    arg [-lc] ==> lib [c]
    arg [-lgcc_s] ==> lib [gcc_s]
    arg [-lgcc] ==> lib [gcc]
    arg [/usr/share/jevois-sdk/out/sun8iw5p1/linux/common/buildroot/host/lib/gcc/arm-buildroot-linux-gnueabihf/7.2.0/crtend.o] ==> ignore
    arg [/usr/share/jevois-sdk/out/sun8iw5p1/linux/common/buildroot/host/arm-buildroot-linux-gnueabihf/sysroot/usr/lib/crtn.o] ==> ignore
  collapse library dir [/usr/share/jevois-sdk/out/sun8iw5p1/linux/common/buildroot/host/lib/gcc/arm-buildroot-linux-gnueabihf/7.2.0] ==> [/usr/share/jevois-sdk/out/sun8iw5p1/linux/common/buildroot/host/lib/gcc/arm-buildroot-linux-gnueabihf/7.2.0]
  collapse library dir [/usr/share/jevois-sdk/out/sun8iw5p1/linux/common/buildroot/host/lib/gcc/arm-buildroot-linux-gnueabihf/7.2.0/../../../../arm-buildroot-linux-gnueabihf/lib] ==> [/usr/share/jevois-sdk/out/sun8iw5p1/linux/common/buildroot/host/arm-buildroot-linux-gnueabihf/lib]
  collapse library dir [/usr/share/jevois-sdk/out/sun8iw5p1/linux/common/buildroot/host/arm-buildroot-linux-gnueabihf/sysroot/lib] ==> [/usr/share/jevois-sdk/out/sun8iw5p1/linux/common/buildroot/host/arm-buildroot-linux-gnueabihf/sysroot/lib]
  collapse library dir [/usr/share/jevois-sdk/out/sun8iw5p1/linux/common/buildroot/host/arm-buildroot-linux-gnueabihf/sysroot/usr/lib] ==> [/usr/share/jevois-sdk/out/sun8iw5p1/linux/common/buildroot/host/arm-buildroot-linux-gnueabihf/sysroot/usr/lib]
  implicit libs: [stdc++;m;gcc_s;gcc;c;gcc_s;gcc]
  implicit dirs: [/usr/share/jevois-sdk/out/sun8iw5p1/linux/common/buildroot/host/lib/gcc/arm-buildroot-linux-gnueabihf/7.2.0;/usr/share/jevois-sdk/out/sun8iw5p1/linux/common/buildroot/host/arm-buildroot-linux-gnueabihf/lib;/usr/share/jevois-sdk/out/sun8iw5p1/linux/common/buildroot/host/arm-buildroot-linux-gnueabihf/sysroot/lib;/usr/share/jevois-sdk/out/sun8iw5p1/linux/common/buildroot/host/arm-buildroot-linux-gnueabihf/sysroot/usr/lib]
  implicit fwks: []




Detecting CXX [-std=c++1z] compiler features compiled with the following output:
Change Dir: /home/teja/repos/argosvision/pbuild/CMakeFiles/CMakeTmp

Run Build Command:"/usr/bin/make" "cmTC_381c9/fast"
/usr/bin/make -f CMakeFiles/cmTC_381c9.dir/build.make CMakeFiles/cmTC_381c9.dir/build
make[1]: Entering directory '/home/teja/repos/argosvision/pbuild/CMakeFiles/CMakeTmp'
Building CXX object CMakeFiles/cmTC_381c9.dir/feature_tests.cxx.o
/usr/share/jevois-sdk/out/sun8iw5p1/linux/common/buildroot/host/usr/bin/arm-buildroot-linux-gnueabihf-g++    -std=c++1z -o CMakeFiles/cmTC_381c9.dir/feature_tests.cxx.o -c /home/teja/repos/argosvision/pbuild/CMakeFiles/feature_tests.cxx
Linking CXX executable cmTC_381c9
/usr/bin/cmake -E cmake_link_script CMakeFiles/cmTC_381c9.dir/link.txt --verbose=1
/usr/share/jevois-sdk/out/sun8iw5p1/linux/common/buildroot/host/usr/bin/arm-buildroot-linux-gnueabihf-g++       -rdynamic CMakeFiles/cmTC_381c9.dir/feature_tests.cxx.o  -o cmTC_381c9 
make[1]: Leaving directory '/home/teja/repos/argosvision/pbuild/CMakeFiles/CMakeTmp'


    Feature record: CXX_FEATURE:1cxx_aggregate_default_initializers
    Feature record: CXX_FEATURE:1cxx_alias_templates
    Feature record: CXX_FEATURE:1cxx_alignas
    Feature record: CXX_FEATURE:1cxx_alignof
    Feature record: CXX_FEATURE:1cxx_attributes
    Feature record: CXX_FEATURE:1cxx_attribute_deprecated
    Feature record: CXX_FEATURE:1cxx_auto_type
    Feature record: CXX_FEATURE:1cxx_binary_literals
    Feature record: CXX_FEATURE:1cxx_constexpr
    Feature record: CXX_FEATURE:1cxx_contextual_conversions
    Feature record: CXX_FEATURE:1cxx_decltype
    Feature record: CXX_FEATURE:1cxx_decltype_auto
    Feature record: CXX_FEATURE:1cxx_decltype_incomplete_return_types
    Feature record: CXX_FEATURE:1cxx_default_function_template_args
    Feature record: CXX_FEATURE:1cxx_defaulted_functions
    Feature record: CXX_FEATURE:1cxx_defaulted_move_initializers
    Feature record: CXX_FEATURE:1cxx_delegating_constructors
    Feature record: CXX_FEATURE:1cxx_deleted_functions
    Feature record: CXX_FEATURE:1cxx_digit_separators
    Feature record: CXX_FEATURE:1cxx_enum_forward_declarations
    Feature record: CXX_FEATURE:1cxx_explicit_conversions
    Feature record: CXX_FEATURE:1cxx_extended_friend_declarations
    Feature record: CXX_FEATURE:1cxx_extern_templates
    Feature record: CXX_FEATURE:1cxx_final
    Feature record: CXX_FEATURE:1cxx_func_identifier
    Feature record: CXX_FEATURE:1cxx_generalized_initializers
    Feature record: CXX_FEATURE:1cxx_generic_lambdas
    Feature record: CXX_FEATURE:1cxx_inheriting_constructors
    Feature record: CXX_FEATURE:1cxx_inline_namespaces
    Feature record: CXX_FEATURE:1cxx_lambdas
    Feature record: CXX_FEATURE:1cxx_lambda_init_captures
    Feature record: CXX_FEATURE:1cxx_local_type_template_args
    Feature record: CXX_FEATURE:1cxx_long_long_type
    Feature record: CXX_FEATURE:1cxx_noexcept
    Feature record: CXX_FEATURE:1cxx_nonstatic_member_init
    Feature record: CXX_FEATURE:1cxx_nullptr
    Feature record: CXX_FEATURE:1cxx_override
    Feature record: CXX_FEATURE:1cxx_range_for
    Feature record: CXX_FEATURE:1cxx_raw_string_literals
    Feature record: CXX_FEATURE:1cxx_reference_qualified_functions
    Feature record: CXX_FEATURE:1cxx_relaxed_constexpr
    Feature record: CXX_FEATURE:1cxx_return_type_deduction
    Feature record: CXX_FEATURE:1cxx_right_angle_brackets
    Feature record: CXX_FEATURE:1cxx_rvalue_references
    Feature record: CXX_FEATURE:1cxx_sizeof_member
    Feature record: CXX_FEATURE:1cxx_static_assert
    Feature record: CXX_FEATURE:1cxx_strong_enums
    Feature record: CXX_FEATURE:1cxx_template_template_parameters
    Feature record: CXX_FEATURE:1cxx_thread_local
    Feature record: CXX_FEATURE:1cxx_trailing_return_types
    Feature record: CXX_FEATURE:1cxx_unicode_literals
    Feature record: CXX_FEATURE:1cxx_uniform_initialization
    Feature record: CXX_FEATURE:1cxx_unrestricted_unions
    Feature record: CXX_FEATURE:1cxx_user_literals
    Feature record: CXX_FEATURE:1cxx_variable_templates
    Feature record: CXX_FEATURE:1cxx_variadic_macros
    Feature record: CXX_FEATURE:1cxx_variadic_templates


Detecting CXX [-std=c++14] compiler features compiled with the following output:
Change Dir: /home/teja/repos/argosvision/pbuild/CMakeFiles/CMakeTmp

Run Build Command:"/usr/bin/make" "cmTC_a5235/fast"
/usr/bin/make -f CMakeFiles/cmTC_a5235.dir/build.make CMakeFiles/cmTC_a5235.dir/build
make[1]: Entering directory '/home/teja/repos/argosvision/pbuild/CMakeFiles/CMakeTmp'
Building CXX object CMakeFiles/cmTC_a5235.dir/feature_tests.cxx.o
/usr/share/jevois-sdk/out/sun8iw5p1/linux/common/buildroot/host/usr/bin/arm-buildroot-linux-gnueabihf-g++    -std=c++14 -o CMakeFiles/cmTC_a5235.dir/feature_tests.cxx.o -c /home/teja/repos/argosvision/pbuild/CMakeFiles/feature_tests.cxx
Linking CXX executable cmTC_a5235
/usr/bin/cmake -E cmake_link_script CMakeFiles/cmTC_a5235.dir/link.txt --verbose=1
/usr/share/jevois-sdk/out/sun8iw5p1/linux/common/buildroot/host/usr/bin/arm-buildroot-linux-gnueabihf-g++       -rdynamic CMakeFiles/cmTC_a5235.dir/feature_tests.cxx.o  -o cmTC_a5235 
make[1]: Leaving directory '/home/teja/repos/argosvision/pbuild/CMakeFiles/CMakeTmp'


    Feature record: CXX_FEATURE:1cxx_aggregate_default_initializers
    Feature record: CXX_FEATURE:1cxx_alias_templates
    Feature record: CXX_FEATURE:1cxx_alignas
    Feature record: CXX_FEATURE:1cxx_alignof
    Feature record: CXX_FEATURE:1cxx_attributes
    Feature record: CXX_FEATURE:1cxx_attribute_deprecated
    Feature record: CXX_FEATURE:1cxx_auto_type
    Feature record: CXX_FEATURE:1cxx_binary_literals
    Feature record: CXX_FEATURE:1cxx_constexpr
    Feature record: CXX_FEATURE:1cxx_contextual_conversions
    Feature record: CXX_FEATURE:1cxx_decltype
    Feature record: CXX_FEATURE:1cxx_decltype_auto
    Feature record: CXX_FEATURE:1cxx_decltype_incomplete_return_types
    Feature record: CXX_FEATURE:1cxx_default_function_template_args
    Feature record: CXX_FEATURE:1cxx_defaulted_functions
    Feature record: CXX_FEATURE:1cxx_defaulted_move_initializers
    Feature record: CXX_FEATURE:1cxx_delegating_constructors
    Feature record: CXX_FEATURE:1cxx_deleted_functions
    Feature record: CXX_FEATURE:1cxx_digit_separators
    Feature record: CXX_FEATURE:1cxx_enum_forward_declarations
    Feature record: CXX_FEATURE:1cxx_explicit_conversions
    Feature record: CXX_FEATURE:1cxx_extended_friend_declarations
    Feature record: CXX_FEATURE:1cxx_extern_templates
    Feature record: CXX_FEATURE:1cxx_final
    Feature record: CXX_FEATURE:1cxx_func_identifier
    Feature record: CXX_FEATURE:1cxx_generalized_initializers
    Feature record: CXX_FEATURE:1cxx_generic_lambdas
    Feature record: CXX_FEATURE:1cxx_inheriting_constructors
    Feature record: CXX_FEATURE:1cxx_inline_namespaces
    Feature record: CXX_FEATURE:1cxx_lambdas
    Feature record: CXX_FEATURE:1cxx_lambda_init_captures
    Feature record: CXX_FEATURE:1cxx_local_type_template_args
    Feature record: CXX_FEATURE:1cxx_long_long_type
    Feature record: CXX_FEATURE:1cxx_noexcept
    Feature record: CXX_FEATURE:1cxx_nonstatic_member_init
    Feature record: CXX_FEATURE:1cxx_nullptr
    Feature record: CXX_FEATURE:1cxx_override
    Feature record: CXX_FEATURE:1cxx_range_for
    Feature record: CXX_FEATURE:1cxx_raw_string_literals
    Feature record: CXX_FEATURE:1cxx_reference_qualified_functions
    Feature record: CXX_FEATURE:1cxx_relaxed_constexpr
    Feature record: CXX_FEATURE:1cxx_return_type_deduction
    Feature record: CXX_FEATURE:1cxx_right_angle_brackets
    Feature record: CXX_FEATURE:1cxx_rvalue_references
    Feature record: CXX_FEATURE:1cxx_sizeof_member
    Feature record: CXX_FEATURE:1cxx_static_assert
    Feature record: CXX_FEATURE:1cxx_strong_enums
    Feature record: CXX_FEATURE:1cxx_template_template_parameters
    Feature record: CXX_FEATURE:1cxx_thread_local
    Feature record: CXX_FEATURE:1cxx_trailing_return_types
    Feature record: CXX_FEATURE:1cxx_unicode_literals
    Feature record: CXX_FEATURE:1cxx_uniform_initialization
    Feature record: CXX_FEATURE:1cxx_unrestricted_unions
    Feature record: CXX_FEATURE:1cxx_user_literals
    Feature record: CXX_FEATURE:1cxx_variable_templates
    Feature record: CXX_FEATURE:1cxx_variadic_macros
    Feature record: CXX_FEATURE:1cxx_variadic_templates


Detecting CXX [-std=c++11] compiler features compiled with the following output:
Change Dir: /home/teja/repos/argosvision/pbuild/CMakeFiles/CMakeTmp

Run Build Command:"/usr/bin/make" "cmTC_fc433/fast"
/usr/bin/make -f CMakeFiles/cmTC_fc433.dir/build.make CMakeFiles/cmTC_fc433.dir/build
make[1]: Entering directory '/home/teja/repos/argosvision/pbuild/CMakeFiles/CMakeTmp'
Building CXX object CMakeFiles/cmTC_fc433.dir/feature_tests.cxx.o
/usr/share/jevois-sdk/out/sun8iw5p1/linux/common/buildroot/host/usr/bin/arm-buildroot-linux-gnueabihf-g++    -std=c++11 -o CMakeFiles/cmTC_fc433.dir/feature_tests.cxx.o -c /home/teja/repos/argosvision/pbuild/CMakeFiles/feature_tests.cxx
Linking CXX executable cmTC_fc433
/usr/bin/cmake -E cmake_link_script CMakeFiles/cmTC_fc433.dir/link.txt --verbose=1
/usr/share/jevois-sdk/out/sun8iw5p1/linux/common/buildroot/host/usr/bin/arm-buildroot-linux-gnueabihf-g++       -rdynamic CMakeFiles/cmTC_fc433.dir/feature_tests.cxx.o  -o cmTC_fc433 
make[1]: Leaving directory '/home/teja/repos/argosvision/pbuild/CMakeFiles/CMakeTmp'


    Feature record: CXX_FEATURE:0cxx_aggregate_default_initializers
    Feature record: CXX_FEATURE:1cxx_alias_templates
    Feature record: CXX_FEATURE:1cxx_alignas
    Feature record: CXX_FEATURE:1cxx_alignof
    Feature record: CXX_FEATURE:1cxx_attributes
    Feature record: CXX_FEATURE:0cxx_attribute_deprecated
    Feature record: CXX_FEATURE:1cxx_auto_type
    Feature record: CXX_FEATURE:0cxx_binary_literals
    Feature record: CXX_FEATURE:1cxx_constexpr
    Feature record: CXX_FEATURE:0cxx_contextual_conversions
    Feature record: CXX_FEATURE:1cxx_decltype
    Feature record: CXX_FEATURE:0cxx_decltype_auto
    Feature record: CXX_FEATURE:1cxx_decltype_incomplete_return_types
    Feature record: CXX_FEATURE:1cxx_default_function_template_args
    Feature record: CXX_FEATURE:1cxx_defaulted_functions
    Feature record: CXX_FEATURE:1cxx_defaulted_move_initializers
    Feature record: CXX_FEATURE:1cxx_delegating_constructors
    Feature record: CXX_FEATURE:1cxx_deleted_functions
    Feature record: CXX_FEATURE:0cxx_digit_separators
    Feature record: CXX_FEATURE:1cxx_enum_forward_declarations
    Feature record: CXX_FEATURE:1cxx_explicit_conversions
    Feature record: CXX_FEATURE:1cxx_extended_friend_declarations
    Feature record: CXX_FEATURE:1cxx_extern_templates
    Feature record: CXX_FEATURE:1cxx_final
    Feature record: CXX_FEATURE:1cxx_func_identifier
    Feature record: CXX_FEATURE:1cxx_generalized_initializers
    Feature record: CXX_FEATURE:0cxx_generic_lambdas
    Feature record: CXX_FEATURE:1cxx_inheriting_constructors
    Feature record: CXX_FEATURE:1cxx_inline_namespaces
    Feature record: CXX_FEATURE:1cxx_lambdas
    Feature record: CXX_FEATURE:0cxx_lambda_init_captures
    Feature record: CXX_FEATURE:1cxx_local_type_template_args
    Feature record: CXX_FEATURE:1cxx_long_long_type
    Feature record: CXX_FEATURE:1cxx_noexcept
    Feature record: CXX_FEATURE:1cxx_nonstatic_member_init
    Feature record: CXX_FEATURE:1cxx_nullptr
    Feature record: CXX_FEATURE:1cxx_override
    Feature record: CXX_FEATURE:1cxx_range_for
    Feature record: CXX_FEATURE:1cxx_raw_string_literals
    Feature record: CXX_FEATURE:1cxx_reference_qualified_functions
    Feature record: CXX_FEATURE:0cxx_relaxed_constexpr
    Feature record: CXX_FEATURE:0cxx_return_type_deduction
    Feature record: CXX_FEATURE:1cxx_right_angle_brackets
    Feature record: CXX_FEATURE:1cxx_rvalue_references
    Feature record: CXX_FEATURE:1cxx_sizeof_member
    Feature record: CXX_FEATURE:1cxx_static_assert
    Feature record: CXX_FEATURE:1cxx_strong_enums
    Feature record: CXX_FEATURE:1cxx_template_template_parameters
    Feature record: CXX_FEATURE:1cxx_thread_local
    Feature record: CXX_FEATURE:1cxx_trailing_return_types
    Feature record: CXX_FEATURE:1cxx_unicode_literals
    Feature record: CXX_FEATURE:1cxx_uniform_initialization
    Feature record: CXX_FEATURE:1cxx_unrestricted_unions
    Feature record: CXX_FEATURE:1cxx_user_literals
    Feature record: CXX_FEATURE:0cxx_variable_templates
    Feature record: CXX_FEATURE:1cxx_variadic_macros
    Feature record: CXX_FEATURE:1cxx_variadic_templates


Detecting CXX [-std=c++98] compiler features compiled with the following output:
Change Dir: /home/teja/repos/argosvision/pbuild/CMakeFiles/CMakeTmp

Run Build Command:"/usr/bin/make" "cmTC_5e7d5/fast"
/usr/bin/make -f CMakeFiles/cmTC_5e7d5.dir/build.make CMakeFiles/cmTC_5e7d5.dir/build
make[1]: Entering directory '/home/teja/repos/argosvision/pbuild/CMakeFiles/CMakeTmp'
Building CXX object CMakeFiles/cmTC_5e7d5.dir/feature_tests.cxx.o
/usr/share/jevois-sdk/out/sun8iw5p1/linux/common/buildroot/host/usr/bin/arm-buildroot-linux-gnueabihf-g++    -std=c++98 -o CMakeFiles/cmTC_5e7d5.dir/feature_tests.cxx.o -c /home/teja/repos/argosvision/pbuild/CMakeFiles/feature_tests.cxx
Linking CXX executable cmTC_5e7d5
/usr/bin/cmake -E cmake_link_script CMakeFiles/cmTC_5e7d5.dir/link.txt --verbose=1
/usr/share/jevois-sdk/out/sun8iw5p1/linux/common/buildroot/host/usr/bin/arm-buildroot-linux-gnueabihf-g++       -rdynamic CMakeFiles/cmTC_5e7d5.dir/feature_tests.cxx.o  -o cmTC_5e7d5 
make[1]: Leaving directory '/home/teja/repos/argosvision/pbuild/CMakeFiles/CMakeTmp'


    Feature record: CXX_FEATURE:0cxx_aggregate_default_initializers
    Feature record: CXX_FEATURE:0cxx_alias_templates
    Feature record: CXX_FEATURE:0cxx_alignas
    Feature record: CXX_FEATURE:0cxx_alignof
    Feature record: CXX_FEATURE:0cxx_attributes
    Feature record: CXX_FEATURE:0cxx_attribute_deprecated
    Feature record: CXX_FEATURE:0cxx_auto_type
    Feature record: CXX_FEATURE:0cxx_binary_literals
    Feature record: CXX_FEATURE:0cxx_constexpr
    Feature record: CXX_FEATURE:0cxx_contextual_conversions
    Feature record: CXX_FEATURE:0cxx_decltype
    Feature record: CXX_FEATURE:0cxx_decltype_auto
    Feature record: CXX_FEATURE:0cxx_decltype_incomplete_return_types
    Feature record: CXX_FEATURE:0cxx_default_function_template_args
    Feature record: CXX_FEATURE:0cxx_defaulted_functions
    Feature record: CXX_FEATURE:0cxx_defaulted_move_initializers
    Feature record: CXX_FEATURE:0cxx_delegating_constructors
    Feature record: CXX_FEATURE:0cxx_deleted_functions
    Feature record: CXX_FEATURE:0cxx_digit_separators
    Feature record: CXX_FEATURE:0cxx_enum_forward_declarations
    Feature record: CXX_FEATURE:0cxx_explicit_conversions
    Feature record: CXX_FEATURE:0cxx_extended_friend_declarations
    Feature record: CXX_FEATURE:0cxx_extern_templates
    Feature record: CXX_FEATURE:0cxx_final
    Feature record: CXX_FEATURE:0cxx_func_identifier
    Feature record: CXX_FEATURE:0cxx_generalized_initializers
    Feature record: CXX_FEATURE:0cxx_generic_lambdas
    Feature record: CXX_FEATURE:0cxx_inheriting_constructors
    Feature record: CXX_FEATURE:0cxx_inline_namespaces
    Feature record: CXX_FEATURE:0cxx_lambdas
    Feature record: CXX_FEATURE:0cxx_lambda_init_captures
    Feature record: CXX_FEATURE:0cxx_local_type_template_args
    Feature record: CXX_FEATURE:0cxx_long_long_type
    Feature record: CXX_FEATURE:0cxx_noexcept
    Feature record: CXX_FEATURE:0cxx_nonstatic_member_init
    Feature record: CXX_FEATURE:0cxx_nullptr
    Feature record: CXX_FEATURE:0cxx_override
    Feature record: CXX_FEATURE:0cxx_range_for
    Feature record: CXX_FEATURE:0cxx_raw_string_literals
    Feature record: CXX_FEATURE:0cxx_reference_qualified_functions
    Feature record: CXX_FEATURE:0cxx_relaxed_constexpr
    Feature record: CXX_FEATURE:0cxx_return_type_deduction
    Feature record: CXX_FEATURE:0cxx_right_angle_brackets
    Feature record: CXX_FEATURE:0cxx_rvalue_references
    Feature record: CXX_FEATURE:0cxx_sizeof_member
    Feature record: CXX_FEATURE:0cxx_static_assert
    Feature record: CXX_FEATURE:0cxx_strong_enums
    Feature record: CXX_FEATURE:1cxx_template_template_parameters
    Feature record: CXX_FEATURE:0cxx_thread_local
    Feature record: CXX_FEATURE:0cxx_trailing_return_types
    Feature record: CXX_FEATURE:0cxx_unicode_literals
    Feature record: CXX_FEATURE:0cxx_uniform_initialization
    Feature record: CXX_FEATURE:0cxx_unrestricted_unions
    Feature record: CXX_FEATURE:0cxx_user_literals
    Feature record: CXX_FEATURE:0cxx_variable_templates
    Feature record: CXX_FEATURE:0cxx_variadic_macros
    Feature record: CXX_FEATURE:0cxx_variadic_templates
